<?xml version="1.0" encoding="UTF-8" ?>
<testsuite tests="8" failures="0" name="org.apache.tika.parser.chm.TestDirectoryListingEntry" time="0.001" errors="0" skipped="0">
  <properties>
[...]
</properties>
  <testcase classname="org.apache.tika.parser.chm.TestDirectoryListingEntry" name="testParamConstructor" time="0.001"/>
  <testcase classname="org.apache.tika.parser.chm.TestDirectoryListingEntry" name="testToString" time="0"/>
  <testcase classname="org.apache.tika.parser.chm.TestDirectoryListingEntry" name="testGetName" time="0"/>
  <testcase classname="org.apache.tika.parser.chm.TestDirectoryListingEntry" name="testGetEntryType" time="0"/>
  <testcase classname="org.apache.tika.parser.chm.TestDirectoryListingEntry" name="testGetNameLength" time="0"/>
  <testcase classname="org.apache.tika.parser.chm.TestDirectoryListingEntry" name="testGetLength" time="0"/>
  <testcase classname="org.apache.tika.parser.chm.TestDirectoryListingEntry" name="testGetOffset" time="0"/>
  <testcase classname="org.apache.tika.parser.chm.TestDirectoryListingEntry" name="testDefaultConstructor" time="0"/>
</testsuite>