<?xml version="1.0" encoding="UTF-8" ?>
<testsuite tests="22" failures="0" name="org.apache.tika.parser.AutoDetectParserTest" time="9.165" errors="0" skipped="0">
  <properties>
[...]
</properties>
  <testcase classname="org.apache.tika.parser.AutoDetectParserTest" name="testNoBombDetectedForInvalidXml" time="0.209"/>
  <testcase classname="org.apache.tika.parser.AutoDetectParserTest" name="testSpecificParserList" time="0.089"/>
  <testcase classname="org.apache.tika.parser.AutoDetectParserTest" name="testChm" time="2.41"/>
  <testcase classname="org.apache.tika.parser.AutoDetectParserTest" name="testPDF" time="2.319"/>
  <testcase classname="org.apache.tika.parser.AutoDetectParserTest" name="testRTF" time="0.113"/>
  <testcase classname="org.apache.tika.parser.AutoDetectParserTest" name="testRss" time="0.124"/>
  <testcase classname="org.apache.tika.parser.AutoDetectParserTest" name="testXML" time="0.038"/>
  <testcase classname="org.apache.tika.parser.AutoDetectParserTest" name="testKeynote" time="0.785"/>
  <testcase classname="org.apache.tika.parser.AutoDetectParserTest" name="testExcel" time="0.431"/>
  <testcase classname="org.apache.tika.parser.AutoDetectParserTest" name="testPages" time="0.283"/>
  <testcase classname="org.apache.tika.parser.AutoDetectParserTest" name="testEpub" time="0.133"/>
  <testcase classname="org.apache.tika.parser.AutoDetectParserTest" name="testHTML" time="0.04"/>
  <testcase classname="org.apache.tika.parser.AutoDetectParserTest" name="testText" time="0.017"/>
  <testcase classname="org.apache.tika.parser.AutoDetectParserTest" name="testWord" time="0.443"/>
  <testcase classname="org.apache.tika.parser.AutoDetectParserTest" name="testOggFlacAudio" time="0.064"/>
  <testcase classname="org.apache.tika.parser.AutoDetectParserTest" name="testOpenOffice" time="0.136"/>
  <testcase classname="org.apache.tika.parser.AutoDetectParserTest" name="testTextNonASCIIUTF8" time="0.357"/>
  <testcase classname="org.apache.tika.parser.AutoDetectParserTest" name="testPowerpoint" time="0.228"/>
  <testcase classname="org.apache.tika.parser.AutoDetectParserTest" name="testZipBombPrevention" time="0.062"/>
  <testcase classname="org.apache.tika.parser.AutoDetectParserTest" name="testImages" time="0.424"/>
  <testcase classname="org.apache.tika.parser.AutoDetectParserTest" name="testRdfXml" time="0.037"/>
  <testcase classname="org.apache.tika.parser.AutoDetectParserTest" name="testNumbers" time="0.423"/>
</testsuite>