<?xml version="1.0" encoding="UTF-8" ?>
<testsuite tests="38" failures="0" name="org.apache.tika.parser.html.HtmlParserTest" time="0.326" errors="0" skipped="1">
  <properties>
[...]
</properties>
  <testcase classname="org.apache.tika.parser.html.HtmlParserTest" name="testHttpEquivCharset" time="0.002"/>
  <testcase classname="org.apache.tika.parser.html.HtmlParserTest" name="testUserDefinedCharset" time="0.095"/>
  <testcase classname="org.apache.tika.parser.html.HtmlParserTest" name="testCharactersDirectlyUnderBodyElement" time="0.005"/>
  <testcase classname="org.apache.tika.parser.html.HtmlParserTest" name="testBoilerplateWhitespace" time="0.035"/>
  <testcase classname="org.apache.tika.parser.html.HtmlParserTest" name="testPushback" time="0.013"/>
  <testcase classname="org.apache.tika.parser.html.HtmlParserTest" name="testAreaExtraction" time="0.059"/>
  <testcase classname="org.apache.tika.parser.html.HtmlParserTest" name="testParseAscii" time="0.003"/>
  <testcase classname="org.apache.tika.parser.html.HtmlParserTest" name="testParseEmpty" time="0.002"/>
  <testcase classname="org.apache.tika.parser.html.HtmlParserTest" name="testUsingFunkyCharsetInContentTypeHeader" time="0.001"/>
  <testcase classname="org.apache.tika.parser.html.HtmlParserTest" name="testIdentityMapper" time="0.012"/>
  <testcase classname="org.apache.tika.parser.html.HtmlParserTest" name="testOpenGraphMetadata" time="0"/>
  <testcase classname="org.apache.tika.parser.html.HtmlParserTest" name="testFrameSrcExtraction" time="0.001"/>
  <testcase classname="org.apache.tika.parser.html.HtmlParserTest" name="testObjectExtraction" time="0"/>
  <testcase classname="org.apache.tika.parser.html.HtmlParserTest" name="testUsingCharsetInContentTypeHeader" time="0"/>
  <testcase classname="org.apache.tika.parser.html.HtmlParserTest" name="testBrokenFrameset" time="0"/>
  <testcase classname="org.apache.tika.parser.html.HtmlParserTest" name="testMetaHttpEquivWithLotsOfPreambleText" time="0.041"/>
  <testcase classname="org.apache.tika.parser.html.HtmlParserTest" name="testNewlineAndIndent" time="0"/>
  <testcase classname="org.apache.tika.parser.html.HtmlParserTest" name="testLineBreak" time="0"/>
  <testcase classname="org.apache.tika.parser.html.HtmlParserTest" name="testBaseHref" time="0"/>
  <testcase classname="org.apache.tika.parser.html.HtmlParserTest" name="testBoilerplateDelegation" time="0.013"/>
  <testcase classname="org.apache.tika.parser.html.HtmlParserTest" name="testWhitespaceBetweenTableCells" time="0"/>
  <testcase classname="org.apache.tika.parser.html.HtmlParserTest" name="testHttpEquivCharsetFunkyAttributes" time="0"/>
  <testcase classname="org.apache.tika.parser.html.HtmlParserTest" name="testNoisyMetaCharsetHeaders" time="0.012"/>
  <testcase classname="org.apache.tika.parser.html.HtmlParserTest" name="testBoilerplateWithMarkup" time="0.003"/>
  <testcase classname="org.apache.tika.parser.html.HtmlParserTest" name="testLocator" time="0.006"/>
  <testcase classname="org.apache.tika.parser.html.HtmlParserTest" name="testFirstTitleValueisSetToMetadata" time="0"/>
  <testcase classname="org.apache.tika.parser.html.HtmlParserTest" name="testBoilerplateRemoval" time="0"/>
  <testcase classname="org.apache.tika.parser.html.HtmlParserTest" name="testIgnoreCharsetDetectorLanguage" time="0.001"/>
  <testcase classname="org.apache.tika.parser.html.HtmlParserTest" name="testXhtmlParsing" time="0.011"/>
  <testcase classname="org.apache.tika.parser.html.HtmlParserTest" name="testDetectOfCharset" time="0"/>
  <testcase classname="org.apache.tika.parser.html.HtmlParserTest" name="testElementOrdering" time="0"/>
  <testcase classname="org.apache.tika.parser.html.HtmlParserTest" name="testLinkHrefResolution" time="0"/>
  <testcase classname="org.apache.tika.parser.html.HtmlParserTest" name="testCustomHtmlSchema" time="0.004"/>
  <testcase classname="org.apache.tika.parser.html.HtmlParserTest" name="XtestParseUTF8" time="0.004">
    <skipped message="The file &apos;testXHTML_utf8.html&apos; is not available fo testing"/>
  </testcase>
  <testcase classname="org.apache.tika.parser.html.HtmlParserTest" name="testMetaTagHandling" time="0.003"/>
  <testcase classname="org.apache.tika.parser.html.HtmlParserTest" name="testIFrameSrcExtraction" time="0"/>
  <testcase classname="org.apache.tika.parser.html.HtmlParserTest" name="testHtml5Charset" time="0"/>
  <testcase classname="org.apache.tika.parser.html.HtmlParserTest" name="testImgUrlExtraction" time="0"/>
</testsuite>